Log file open, 12/12/17 17:51:00
LogWindows: Failed to load 'aqProf.dll' (GetLastError=126)
LogWindows: File 'aqProf.dll' does not exist
LogWindows: Failed to load 'VSPerf140.dll' (GetLastError=126)
LogWindows: File 'VSPerf140.dll' does not exist
LogWindows: Failed to load 'VtuneApi.dll' (GetLastError=126)
LogWindows: File 'VtuneApi.dll' does not exist
LogWindows: Failed to load 'VtuneApi32e.dll' (GetLastError=126)
LogWindows: File 'VtuneApi32e.dll' does not exist
LogInit: Display: Running engine for game: Project
LogInit: Display: Project file not found: ../../../Project/Project.uproject
LogInit: Display: 	Attempting to find via project info helper.
LogUProjectInfo: Found projects:
LogPlatformFile: Not using cached read wrapper
LogInit: Display: RandInit(-580535239) SRandInit(-580535239).
LogTaskGraph: Started task graph with 5 named threads and 14 total threads with 3 sets of task threads.
LogStats: Stats thread started at 0.143933
LogD3D11RHI: Aftermath initialized
LogPluginManager: Mounting plugin Paper2D
LogPluginManager: Mounting plugin LightPropagationVolume
LogPluginManager: Mounting plugin FacialAnimation
LogPluginManager: Mounting plugin CharacterAI
LogPluginManager: Mounting plugin HTML5Networking
LogPluginManager: Mounting plugin AvfMedia
LogPluginManager: Mounting plugin ImgMedia
LogPluginManager: Mounting plugin MediaCompositing
LogPluginManager: Mounting plugin WmfMedia
LogPluginManager: Mounting plugin TcpMessaging
LogPluginManager: Mounting plugin UdpMessaging
LogPluginManager: Mounting plugin ActorSequence
LogPluginManager: Mounting plugin OnlineSubsystem
LogPluginManager: Mounting plugin OnlineSubsystemNull
LogPluginManager: Mounting plugin OnlineSubsystemUtils
LogPluginManager: Mounting plugin AndroidPermission
LogPluginManager: Mounting plugin AppleARKit
LogPluginManager: Mounting plugin ArchVisCharacter
LogPluginManager: Mounting plugin CableComponent
LogPluginManager: Mounting plugin CustomMeshComponent
LogPluginManager: Mounting plugin ExampleDeviceProfileSelector
LogPluginManager: Mounting plugin ImmediatePhysics
LogPluginManager: Mounting plugin LocationServicesBPLibrary
LogPluginManager: Mounting plugin MobilePatchingUtils
LogPluginManager: Mounting plugin OculusVR
LogPluginManager: Mounting plugin PhysXVehicles
LogPluginManager: Mounting plugin ProceduralMeshComponent
LogPluginManager: Mounting plugin RuntimePhysXCooking
LogPluginManager: Mounting plugin SteamVR
LogPluginManager: Mounting plugin WindowsMoviePlayer
LogInit: Using libcurl 7.47.1
LogInit:  - built for x86_64-pc-win32
LogInit:  - supports SSL with OpenSSL/1.0.2g
LogInit:  - supports HTTP deflate (compression) using libz 1.2.8
LogInit:  - other features:
LogInit:      CURL_VERSION_SSL
LogInit:      CURL_VERSION_LIBZ
LogInit:      CURL_VERSION_IPV6
LogInit:      CURL_VERSION_ASYNCHDNS
LogInit:      CURL_VERSION_LARGEFILE
LogInit:      CURL_VERSION_IDN
LogInit:  CurlRequestOptions (configurable via config and command line):
LogInit:  - bVerifyPeer = false  - Libcurl will NOT verify peer certificate
LogInit:  - bUseHttpProxy = false  - Libcurl will NOT use HTTP proxy
LogInit:  - bDontReuseConnections = false  - Libcurl will reuse connections
LogInit:  - CertBundlePath = nullptr  - Libcurl will use whatever was configured at build time.
LogInit: Build: ++UE4+Release-4.18-CL-3754814
LogInit: Engine Version: 4.18.1-3754814+++UE4+Release-4.18
LogInit: Compatible Engine Version: 4.18.0-3709383+++UE4+Release-4.18
LogInit: Net CL: 3709383
LogDevObjectVersion: Number of dev versions registered: 16
LogDevObjectVersion:   Dev-Blueprints (B0D832E4-1F89-4F0D-ACCF-7EB736FD4AA2): 10
LogDevObjectVersion:   Dev-Build (E1C64328-A22C-4D53-A36C-8E866417BD8C): 0
LogDevObjectVersion:   Dev-Core (375EC13C-06E4-48FB-B500-84F0262A717E): 2
LogDevObjectVersion:   Dev-Editor (E4B068ED-F494-42E9-A231-DA0B2E46BB41): 20
LogDevObjectVersion:   Dev-Framework (CFFC743F-43B0-4480-9391-14DF171D2073): 30
LogDevObjectVersion:   Dev-Mobile (B02B49B5-BB20-44E9-A304-32B752E40360): 0
LogDevObjectVersion:   Dev-Networking (A4E4105C-59A1-49B5-A7C5-40C4547EDFEE): 0
LogDevObjectVersion:   Dev-Online (39C831C9-5AE6-47DC-9A44-9C173E1C8E7C): 0
LogDevObjectVersion:   Dev-Physics (78F01B33-EBEA-4F98-B9B4-84EACCB95AA2): 0
LogDevObjectVersion:   Dev-Platform (6631380F-2D4D-43E0-8009-CF276956A95A): 0
LogDevObjectVersion:   Dev-Rendering (12F88B9F-8875-4AFC-A67C-D90C383ABD29): 20
LogDevObjectVersion:   Dev-Sequencer (7B5AE74C-D270-4C10-A958-57980B212A5A): 4
LogDevObjectVersion:   Dev-VR (D7296918-1DD6-4BDD-9DE2-64A83CC13884): 0
LogDevObjectVersion:   Dev-LoadTimes (C2A15278-BFE7-4AFE-6C17-90FF531DF755): 1
LogDevObjectVersion:   Private-Geometry (6EACA3D4-40EC-4CC1-B786-8BED09428FC5): 1
LogDevObjectVersion:   Dev-AnimPhys (29E575DD-E0A3-4627-9D10-D276232CDCEA): 12
LogInit: Compiled (64-bit): Nov 14 2017 02:09:00
LogInit: Compiled with Visual C++: 19.00.24215.01
LogInit: Build Configuration: Development
LogInit: Branch Name: ++UE4+Release-4.18
LogInit: Command line:  
LogInit: Base directory: G:/Project/Binares/x64/WindowsNoEditor/Engine/Binaries/Win64/
LogInit: Installed Engine Build: 0
LogInit: Presizing for max 2097152 objects, including 0 objects not considered by GC, pre-allocating 0 bytes for permanent pool.
LogStreaming: Display: Async Loading initialized: Event Driven Loader: true, Async Loading Thread: false
LogInit: Object subsystem initialized
[2017.12.12-14.51.00:776][  0]LogInit: Selected Device Profile: [WindowsNoEditor]
[2017.12.12-14.51.00:776][  0]LogInit: Applying CVar settings loaded from the selected device profile: [WindowsNoEditor]
[2017.12.12-14.51.00:786][  0]LogInit: Computer: DESKTOP-BK1B8IB
[2017.12.12-14.51.00:786][  0]LogInit: User: user
[2017.12.12-14.51.00:786][  0]LogInit: CPU Page size=4096, Cores=4
[2017.12.12-14.51.00:786][  0]LogInit: High frequency timer resolution =3.421874 MHz
[2017.12.12-14.51.00:786][  0]LogMemory: Memory total: Physical=7.9GB (8GB approx)
[2017.12.12-14.51.00:786][  0]LogMemory: Platform Memory Stats for WindowsNoEditor
[2017.12.12-14.51.00:786][  0]LogMemory: Process Physical Memory: 94.66 MB used, 94.66 MB peak
[2017.12.12-14.51.00:786][  0]LogMemory: Process Virtual Memory: 106.11 MB used, 106.11 MB peak
[2017.12.12-14.51.00:786][  0]LogMemory: Physical Memory: 4227.37 MB used,  3907.90 MB free, 8135.27 MB total
[2017.12.12-14.51.00:786][  0]LogMemory: Virtual Memory: 361.54 MB used,  3907.90 MB free, 134217728.00 MB total
[2017.12.12-14.51.00:893][  0]LogInit: Using OS detected language (ru-RU).
[2017.12.12-14.51.00:893][  0]LogInit: Using OS detected locale (ru-RU).
[2017.12.12-14.51.00:893][  0]LogTextLocalizationManager: No localization for 'ru-RU' exists, so 'en' will be used for the language.
[2017.12.12-14.51.00:893][  0]LogTextLocalizationManager: No localization for 'ru-RU' exists, so 'en' will be used for the locale.
[2017.12.12-14.51.00:926][  0]LogD3D11RHI: D3D11 adapters:
[2017.12.12-14.51.00:967][  0]LogD3D11RHI:    0. 'NVIDIA GeForce GTX 1050 Ti' (Feature Level 11_0)
[2017.12.12-14.51.00:967][  0]LogD3D11RHI:       4029/0/4067 MB DedicatedVideo/DedicatedSystem/SharedSystem, Outputs:1, VendorId:0x10de
[2017.12.12-14.51.00:969][  0]LogD3D11RHI:    1. 'Microsoft Basic Render Driver' (Feature Level 11_0)
[2017.12.12-14.51.00:969][  0]LogD3D11RHI:       0/0/4067 MB DedicatedVideo/DedicatedSystem/SharedSystem, Outputs:0, VendorId:0x1414
[2017.12.12-14.51.00:969][  0]LogD3D11RHI: Chosen D3D11 Adapter: 0
[2017.12.12-14.51.00:972][  0]LogD3D11RHI: Creating new Direct3DDevice
[2017.12.12-14.51.00:972][  0]LogD3D11RHI:     GPU DeviceId: 0x1c82 (for the marketing name, search the web for "GPU Device Id")
[2017.12.12-14.51.00:972][  0]LogWindows: EnumDisplayDevices:
[2017.12.12-14.51.00:973][  0]LogWindows:    0. 'NVIDIA GeForce GTX 1050 Ti' (P:1 D:1)
[2017.12.12-14.51.00:973][  0]LogWindows:    1. 'NVIDIA GeForce GTX 1050 Ti' (P:0 D:0)
[2017.12.12-14.51.00:973][  0]LogWindows:    2. 'NVIDIA GeForce GTX 1050 Ti' (P:0 D:0)
[2017.12.12-14.51.00:973][  0]LogWindows:    3. 'NVIDIA GeForce GTX 1050 Ti' (P:0 D:0)
[2017.12.12-14.51.00:973][  0]LogWindows: DebugString: GetVideoDriverDetailsInvalid PrimaryIsNotTheChoosenAdapter GetVideoDriverDetailsInvalid PrimaryIsNotTheChoosenAdapter GetVideoDriverDetailsInvalid PrimaryIsNotTheChoosenAdapter GetVideoDriverDetailsInvalid PrimaryIsNotTheChoosenAdapter FoundDriverCount:0 
[2017.12.12-14.51.00:973][  0]LogD3D11RHI:     Adapter Name: NVIDIA GeForce GTX 1050 Ti
[2017.12.12-14.51.00:973][  0]LogD3D11RHI:   Driver Version: Unknown (internal:Unknown, unified:Unknown)
[2017.12.12-14.51.00:973][  0]LogD3D11RHI:      Driver Date: Unknown
[2017.12.12-14.51.00:973][  0]LogRHI: Texture pool is 2820 MB (70% of 4029 MB)
[2017.12.12-14.51.00:992][  0]LogD3D11RHI: Async texture creation enabled
[2017.12.12-14.51.01:002][  0]LogD3D11RHI: GPU Timing Frequency: 1000.000000 (Debug: 2 1)
[2017.12.12-14.51.01:008][  0]LogMaterial: Verifying Global Shaders for PCD3D_SM5
[2017.12.12-14.51.01:009][  0]LogSlate: Using Freetype 2.6.0
[2017.12.12-14.51.01:009][  0]LogSlate: SlateFontCache - WITH_FREETYPE: 1, WITH_HARFBUZZ: 1
[2017.12.12-14.51.01:009][  0]LogSlate: SlateFontCache - WITH_FREETYPE: 1, WITH_HARFBUZZ: 1
[2017.12.12-14.51.01:045][  0]LogAssetRegistry: FAssetRegistry took 0.0075 seconds to start up
[2017.12.12-14.51.01:109][  0]LogPackageLocalizationCache: Processed 7 localized package path(s) for 1 prioritized culture(s) in 0.002623 seconds
[2017.12.12-14.51.01:109][  0]LogPakFile: New pak file ../../../Project/Content/Paks/Project-WindowsNoEditor.pak added to pak precacher.
[2017.12.12-14.51.01:112][  0]LogInit: Selected Device Profile: [WindowsNoEditor]
[2017.12.12-14.51.01:146][  0]LogNetVersion: Project , NetCL: 3709383, EngineNetVer: 2, GameNetVer: 0 (Checksum: 3622050454)
[2017.12.12-14.51.01:209][  0]LogInit: WinSock: version 1.1 (2.2), MaxSocks=32767, MaxUdp=65467
[2017.12.12-14.51.01:233][  0]LogMoviePlayer: Initializing movie player
[2017.12.12-14.51.01:273][  0]LogAndroidPermission: UAndroidPermissionCallbackProxy::GetInstance
[2017.12.12-14.51.01:273][  0]LogOcInput: OculusInput pre-init called
[2017.12.12-14.51.01:276][  0]LogUObjectArray: 31015 objects as part of root set at end of initial load.
[2017.12.12-14.51.01:276][  0]LogUObjectAllocator: 5802384 out of 0 bytes used by permanent object pool.
[2017.12.12-14.51.01:276][  0]LogUObjectArray: CloseDisregardForGC: 0/0 objects in disregard for GC pool
[2017.12.12-14.51.01:286][  0]LogEngine: Initializing Engine...
[2017.12.12-14.51.01:288][  0]LogHMD: Failed to initialize OpenVR with code 110
[2017.12.12-14.51.01:414][  0]LogStats: UGameplayTagsManager::ConstructGameplayTagTree: Construct from data asset -  0.000 s
[2017.12.12-14.51.01:414][  0]LogStats: UGameplayTagsManager::ConstructGameplayTagTree: GameplayTagTreeChangedEvent.Broadcast -  0.000 s
[2017.12.12-14.51.01:457][  0]LogInit: XAudio2 using 'Динамики (Realtek High Definition Audio)' : 2 channels at 48 kHz using 32 bits per sample (channel mask 0x3)
[2017.12.12-14.51.01:467][  0]LogInit: FAudioDevice initialized.
[2017.12.12-14.51.01:478][  0]LogInit: Texture streaming: Enabled
[2017.12.12-14.51.01:482][  0]LogInit: Display: Game Engine Initialized.
[2017.12.12-14.51.01:482][  0]LogGameplayTags: Display: UGameplayTagsManager::DoneAddingNativeTags. DelegateIsBound: 0
[2017.12.12-14.51.01:488][  0]LogInit: Display: Starting Game.
[2017.12.12-14.51.01:488][  0]LogNet: Browse: /Game/Maps/NewWorld?Name=Player
[2017.12.12-14.51.01:489][  0]LogLoad: LoadMap: /Game/Maps/NewWorld?Name=Player
[2017.12.12-14.51.01:499][  0]LogAIModule: Creating AISystem for world NewWorld
[2017.12.12-14.51.01:502][  0]LogLoad: Game class is 'GameplayGameModeBase_C'
[2017.12.12-14.51.01:503][  0]LogWorld: Bringing World /Game/Maps/NewWorld.NewWorld up for play (max tick rate 0) at 2017.12.12-17.51.01
[2017.12.12-14.51.01:503][  0]LogWorld: Bringing up level for play took: 0.000786
[2017.12.12-14.51.01:505][  0]LogLoad: Took 0.016295 seconds to LoadMap(/Game/Maps/NewWorld)
[2017.12.12-14.51.01:532][  0]LogLoad: (Engine Initialization) Total time: 1.16 seconds
[2017.12.12-14.51.01:532][  0]LogExternalProfiler: No external profilers were discovered.  External profiling features will not be available.
[2017.12.12-14.51.01:575][  0]LogRenderer: Reallocating scene render targets to support 1600x900 Format 10 NumSamples 1 (Frame:1).
[2017.12.12-14.51.01:608][  0]LogContentStreaming: Texture pool size now 1000 MB
[2017.12.12-14.51.18:419][ 40]LogSlate: Request Window 'Project (64-bit, PCD3D_SM5)' being destroyed
[2017.12.12-14.51.18:446][ 40]LogSlate: Window 'Project (64-bit, PCD3D_SM5)' being destroyed
[2017.12.12-14.51.18:447][ 40]LogWindowsTextInputMethodSystem: Display: IME system now deactivated.
[2017.12.12-14.51.18:460][ 40]LogEngine: All Windows Closed
[2017.12.12-14.51.18:460][ 40]LogWindows: FPlatformMisc::RequestExit(0)
[2017.12.12-14.51.19:302][ 41]LogExit: Preparing to exit.
[2017.12.12-14.51.19:302][ 41]LogMoviePlayer: Shutting down movie player
[2017.12.12-14.51.19:307][ 41]LogExit: Game engine shut down
[2017.12.12-14.51.19:324][ 41]LogExit: Object subsystem successfully closed.
[2017.12.12-14.51.19:338][ 41]LogD3D11RHI: Shutdown
[2017.12.12-14.51.19:338][ 41]LogD3D11RHI: CleanupD3DDevice
[2017.12.12-14.51.19:348][ 41]LogD3D11RHI: ~FD3D11DynamicRHI
[2017.12.12-14.51.19:349][ 41]LogModuleManager: Shutting down and abandoning module AutomationController (168)
[2017.12.12-14.51.19:349][ 41]LogModuleManager: Shutting down and abandoning module AutomationWorker (166)
[2017.12.12-14.51.19:349][ 41]LogModuleManager: Shutting down and abandoning module AIModule (164)
[2017.12.12-14.51.19:349][ 41]LogModuleManager: Shutting down and abandoning module GameplayDebugger (163)
[2017.12.12-14.51.19:349][ 41]LogModuleManager: Shutting down and abandoning module WmfMediaFactory (160)
[2017.12.12-14.51.19:349][ 41]LogModuleManager: Shutting down and abandoning module OpenExrWrapper (158)
[2017.12.12-14.51.19:349][ 41]LogModuleManager: Shutting down and abandoning module ImgMediaFactory (156)
[2017.12.12-14.51.19:349][ 41]LogModuleManager: Shutting down and abandoning module AvfMediaFactory (154)
[2017.12.12-14.51.19:349][ 41]LogModuleManager: Shutting down and abandoning module CharacterAI (152)
[2017.12.12-14.51.19:349][ 41]LogModuleManager: Shutting down and abandoning module SessionServices (150)
[2017.12.12-14.51.19:349][ 41]LogModuleManager: Shutting down and abandoning module MovieSceneTracks (148)
[2017.12.12-14.51.19:349][ 41]LogModuleManager: Shutting down and abandoning module MovieScene (146)
[2017.12.12-14.51.19:349][ 41]LogModuleManager: Shutting down and abandoning module GeometryCache (144)
[2017.12.12-14.51.19:349][ 41]LogModuleManager: Shutting down and abandoning module StreamingPauseRendering (142)
[2017.12.12-14.51.19:349][ 41]LogModuleManager: Shutting down and abandoning module AnalyticsET (140)
[2017.12.12-14.51.19:349][ 41]LogModuleManager: Shutting down and abandoning module ProfilerService (138)
[2017.12.12-14.51.19:538][ 41]LogModuleManager: Shutting down and abandoning module TaskGraph (136)
[2017.12.12-14.51.19:538][ 41]LogModuleManager: Shutting down and abandoning module SteamVRController (134)
[2017.12.12-14.51.19:538][ 41]LogModuleManager: Shutting down and abandoning module ProceduralMeshComponent (132)
[2017.12.12-14.51.19:538][ 41]LogModuleManager: Shutting down and abandoning module OculusInput (130)
[2017.12.12-14.51.19:538][ 41]LogModuleManager: Shutting down and abandoning module MobilePatchingUtils (128)
[2017.12.12-14.51.19:538][ 41]LogModuleManager: Shutting down and abandoning module CustomMeshComponent (126)
[2017.12.12-14.51.19:538][ 41]LogModuleManager: Shutting down and abandoning module CableComponent (124)
[2017.12.12-14.51.19:538][ 41]LogModuleManager: Shutting down and abandoning module ArchVisCharacter (122)
[2017.12.12-14.51.19:538][ 41]LogModuleManager: Shutting down and abandoning module AndroidPermission (120)
[2017.12.12-14.51.19:538][ 41]LogModuleManager: Shutting down and abandoning module ActorSequence (116)
[2017.12.12-14.51.19:538][ 41]LogModuleManager: Shutting down and abandoning module MediaCompositing (114)
[2017.12.12-14.51.19:538][ 41]LogModuleManager: Shutting down and abandoning module HTML5Networking (112)
[2017.12.12-14.51.19:538][ 41]LogModuleManager: Shutting down and abandoning module RuntimePhysXCooking (110)
[2017.12.12-14.51.19:539][ 41]LogModuleManager: Shutting down and abandoning module PhysXVehicles (108)
[2017.12.12-14.51.19:539][ 41]LogModuleManager: Shutting down and abandoning module LocationServicesBPLibrary (106)
[2017.12.12-14.51.19:539][ 41]LogModuleManager: Shutting down and abandoning module ImmediatePhysics (104)
[2017.12.12-14.51.19:539][ 41]LogModuleManager: Shutting down and abandoning module UdpMessaging (102)
[2017.12.12-14.51.19:539][ 41]LogModuleManager: Shutting down and abandoning module TcpMessaging (100)
[2017.12.12-14.51.19:539][ 41]LogModuleManager: Shutting down and abandoning module FacialAnimation (98)
[2017.12.12-14.51.19:539][ 41]LogModuleManager: Shutting down and abandoning module LightPropagationVolumeRuntime (96)
[2017.12.12-14.51.19:539][ 41]LogModuleManager: Shutting down and abandoning module Paper2D (94)
[2017.12.12-14.51.19:539][ 41]LogModuleManager: Shutting down and abandoning module WindowsMoviePlayer (92)
[2017.12.12-14.51.19:539][ 41]LogModuleManager: Shutting down and abandoning module WmfMedia (90)
[2017.12.12-14.51.19:540][ 41]LogModuleManager: Shutting down and abandoning module ImgMedia (88)
[2017.12.12-14.51.19:540][ 41]LogModuleManager: Shutting down and abandoning module PacketHandler (86)
[2017.12.12-14.51.19:540][ 41]LogModuleManager: Shutting down and abandoning module ClothingSystemRuntime (84)
[2017.12.12-14.51.19:540][ 41]LogModuleManager: Shutting down and abandoning module MediaAssets (82)
[2017.12.12-14.51.19:540][ 41]LogModuleManager: Shutting down and abandoning module Overlay (80)
[2017.12.12-14.51.19:540][ 41]LogModuleManager: Shutting down and abandoning module UMG (78)
[2017.12.12-14.51.19:540][ 41]LogModuleManager: Shutting down and abandoning module SlateReflector (76)
[2017.12.12-14.51.19:541][ 41]LogModuleManager: Shutting down and abandoning module Slate (74)
[2017.12.12-14.51.19:541][ 41]LogModuleManager: Shutting down and abandoning module MRMesh (72)
[2017.12.12-14.51.19:541][ 41]LogModuleManager: Shutting down and abandoning module Messaging (70)
[2017.12.12-14.51.19:541][ 41]LogModuleManager: Shutting down and abandoning module HeadMountedDisplay (68)
[2017.12.12-14.51.19:541][ 41]LogModuleManager: Shutting down and abandoning module XAudio2 (66)
[2017.12.12-14.51.19:541][ 41]LogModuleManager: Shutting down and abandoning module Networking (64)
[2017.12.12-14.51.19:541][ 41]LogModuleManager: Shutting down and abandoning module Core (60)
[2017.12.12-14.51.19:541][ 41]LogModuleManager: Shutting down and abandoning module LevelSequence (58)
[2017.12.12-14.51.19:541][ 41]LogModuleManager: Shutting down and abandoning module Media (56)
[2017.12.12-14.51.19:546][ 41]LogModuleManager: Shutting down and abandoning module ImageWrapper (52)
[2017.12.12-14.51.19:546][ 41]LogModuleManager: Shutting down and abandoning module InputCore (50)
[2017.12.12-14.51.19:546][ 41]LogModuleManager: Shutting down and abandoning module PhysXCooking (48)
[2017.12.12-14.51.19:546][ 41]LogModuleManager: Shutting down and abandoning module SteamVR (46)
[2017.12.12-14.51.19:546][ 41]LogModuleManager: Shutting down and abandoning module OculusHMD (44)
[2017.12.12-14.51.19:547][ 41]LogModuleManager: Shutting down and abandoning module ExampleDeviceProfileSelector (42)
[2017.12.12-14.51.19:547][ 41]LogModuleManager: Shutting down and abandoning module AppleARKit (40)
[2017.12.12-14.51.19:547][ 41]LogModuleManager: Shutting down and abandoning module AugmentedReality (39)
[2017.12.12-14.51.19:547][ 41]LogModuleManager: Shutting down and abandoning module OnlineSubsystem (34)
[2017.12.12-14.51.19:547][ 41]LogModuleManager: Shutting down and abandoning module HTTP (33)
[2017.12.12-14.51.19:547][ 41]LogHttp: Display: Http module shutting down, but needs to wait on 1 outstanding Http requests:
[2017.12.12-14.51.19:547][ 41]LogHttp: Display: 	verb=[POST] url=[https://datarouter.ol.epicgames.com/datarouter/api/v1/public/data?SessionID=%7B6B37922C-46C9-1746-7DAA-74BCC16F0C84%7D&AppID=UEGame.Rocket.Release%7C2940ACEB4FF0DA5A67238496A7855E37%7CUE4Game&AppVersion=4.18.1-3754814%2B%2B%2BUE4%2BRelease-4.18&UserID=ANON-%7BDAE6513D-46AA-992B-68D7-CC9230ACF8AD%7D%7C%7C&AppEnvironment=datacollector-binary&UploadType=eteventstream] status=Processing
[2017.12.12-14.51.19:547][ 41]LogHttp: Display: Sleeping 0.5s to wait for 1 outstanding Http requests.
[2017.12.12-14.51.20:070][ 41]LogModuleManager: Shutting down and abandoning module SSL (32)
[2017.12.12-14.51.20:070][ 41]LogModuleManager: Shutting down and abandoning module ShaderCore (28)
[2017.12.12-14.51.20:070][ 41]LogModuleManager: Shutting down and abandoning module Landscape (26)
[2017.12.12-14.51.20:070][ 41]LogModuleManager: Shutting down and abandoning module SlateRHIRenderer (24)
[2017.12.12-14.51.20:070][ 41]LogModuleManager: Shutting down and abandoning module OpenGLDrv (22)
[2017.12.12-14.51.20:071][ 41]LogModuleManager: Shutting down and abandoning module D3D11RHI (20)
[2017.12.12-14.51.20:071][ 41]LogModuleManager: Shutting down and abandoning module AnimGraphRuntime (18)
[2017.12.12-14.51.20:071][ 41]LogModuleManager: Shutting down and abandoning module Renderer (16)
[2017.12.12-14.51.20:071][ 41]LogModuleManager: Shutting down and abandoning module Engine (14)
[2017.12.12-14.51.20:071][ 41]LogModuleManager: Shutting down and abandoning module CoreUObject (12)
[2017.12.12-14.51.20:071][ 41]LogModuleManager: Shutting down and abandoning module NetworkFile (10)
[2017.12.12-14.51.20:071][ 41]LogModuleManager: Shutting down and abandoning module CookedIterativeFile (8)
[2017.12.12-14.51.20:071][ 41]LogModuleManager: Shutting down and abandoning module StreamingFile (6)
[2017.12.12-14.51.20:071][ 41]LogModuleManager: Shutting down and abandoning module SandboxFile (4)
[2017.12.12-14.51.20:071][ 41]LogModuleManager: Shutting down and abandoning module PakFile (2)
[2017.12.12-14.51.20:073][ 41]LogExit: Exiting.
[2017.12.12-14.51.20:076][ 41]Log file closed, 12/12/17 17:51:20
